This is pdfTeX, Version 3.141592653-2.6-1.40.24 (TeX Live 2022/Debian) (preloaded format=pdflatex 2024.4.3)  11 MAY 2024 13:12
entering extended mode
 restricted \write18 enabled.
 %&-line parsing enabled.
**2301.00037
(./2301.00037
LaTeX2e <2022-11-01> patch level 1
L3 programming layer <2023-01-16>
(/usr/share/texlive/texmf-dist/tex/latex/base/article.cls
Document Class: article 2022/07/02 v1.4n Standard LaTeX document class
(/usr/share/texlive/texmf-dist/tex/latex/base/size10.clo
File: size10.clo 2022/07/02 v1.4n Standard LaTeX file (size option)
)
\c@part=\count185
\c@section=\count186
\c@subsection=\count187
\c@subsubsection=\count188
\c@paragraph=\count189
\c@subparagraph=\count190
\c@figure=\count191
\c@table=\count192
\abovecaptionskip=\skip48
\belowcaptionskip=\skip49
\bibindent=\dimen140
)
(/usr/share/texlive/texmf-dist/tex/latex/lineno/lineno.sty
Package: lineno 2023/01/19 line numbers on paragraphs v5.1
\linenopenalty=\count193
\output=\toks16
\linenoprevgraf=\count194
\linenumbersep=\dimen141
\linenumberwidth=\dimen142
\c@linenumber=\count195
\c@pagewiselinenumber=\count196
\c@LN@truepage=\count197
\c@internallinenumber=\count198
\c@internallinenumbers=\count199
\quotelinenumbersep=\dimen143
\bframerule=\dimen144
\bframesep=\dimen145
\bframebox=\box51

(/usr/share/texlive/texmf-dist/tex/latex/etoolbox/etoolbox.sty
Package: etoolbox 2020/10/05 v2.5k e-TeX tools for LaTeX (JAW)
\etb@tempcnta=\count266
)
LaTeX Info: Redefining \\ on input line 3131.
)
(/usr/share/texlive/texmf-dist/tex/latex/hyperref/hyperref.sty
Package: hyperref 2022-11-13 v7.00u Hypertext links for LaTeX

(/usr/share/texlive/texmf-dist/tex/generic/ltxcmds/ltxcmds.sty
Package: ltxcmds 2020-05-10 v1.25 LaTeX kernel commands for general use (HO)
)
(/usr/share/texlive/texmf-dist/tex/generic/iftex/iftex.sty
Package: iftex 2022/02/03 v1.0f TeX engine tests
)
(/usr/share/texlive/texmf-dist/tex/generic/pdftexcmds/pdftexcmds.sty
Package: pdftexcmds 2020-06-27 v0.33 Utility functions of pdfTeX for LuaTeX (HO
)

(/usr/share/texlive/texmf-dist/tex/generic/infwarerr/infwarerr.sty
Package: infwarerr 2019/12/03 v1.5 Providing info/warning/error messages (HO)
)
Package pdftexcmds Info: \pdf@primitive is available.
Package pdftexcmds Info: \pdf@ifprimitive is available.
Package pdftexcmds Info: \pdfdraftmode found.
)
(/usr/share/texlive/texmf-dist/tex/latex/graphics/keyval.sty
Package: keyval 2022/05/29 v1.15 key=value parser (DPC)
\KV@toks@=\toks17
)
(/usr/share/texlive/texmf-dist/tex/latex/kvsetkeys/kvsetkeys.sty
Package: kvsetkeys 2022-10-05 v1.19 Key value parser (HO)
)
(/usr/share/texlive/texmf-dist/tex/generic/kvdefinekeys/kvdefinekeys.sty
Package: kvdefinekeys 2019-12-19 v1.6 Define keys (HO)
)
(/usr/share/texlive/texmf-dist/tex/generic/pdfescape/pdfescape.sty
Package: pdfescape 2019/12/09 v1.15 Implements pdfTeX's escape features (HO)
)
(/usr/share/texlive/texmf-dist/tex/latex/hycolor/hycolor.sty
Package: hycolor 2020-01-27 v1.10 Color options for hyperref/bookmark (HO)
)
(/usr/share/texlive/texmf-dist/tex/latex/letltxmacro/letltxmacro.sty
Package: letltxmacro 2019/12/03 v1.6 Let assignment for LaTeX macros (HO)
)
(/usr/share/texlive/texmf-dist/tex/latex/auxhook/auxhook.sty
Package: auxhook 2019-12-17 v1.6 Hooks for auxiliary files (HO)
)
(/usr/share/texlive/texmf-dist/tex/latex/hyperref/nameref.sty
Package: nameref 2022-05-17 v2.50 Cross-referencing by name of section

(/usr/share/texlive/texmf-dist/tex/latex/refcount/refcount.sty
Package: refcount 2019/12/15 v3.6 Data extraction from label references (HO)
)
(/usr/share/texlive/texmf-dist/tex/generic/gettitlestring/gettitlestring.sty
Package: gettitlestring 2019/12/15 v1.6 Cleanup title references (HO)

(/usr/share/texlive/texmf-dist/tex/latex/kvoptions/kvoptions.sty
Package: kvoptions 2022-06-15 v3.15 Key value format for package options (HO)
))
\c@section@level=\count267
)
\@linkdim=\dimen146
\Hy@linkcounter=\count268
\Hy@pagecounter=\count269

(/usr/share/texlive/texmf-dist/tex/latex/hyperref/pd1enc.def
File: pd1enc.def 2022-11-13 v7.00u Hyperref: PDFDocEncoding definition (HO)
Now handling font encoding PD1 ...
... no UTF-8 mapping file for font encoding PD1
)
(/usr/share/texlive/texmf-dist/tex/generic/intcalc/intcalc.sty
Package: intcalc 2019/12/15 v1.3 Expandable calculations with integers (HO)
)
(/usr/share/texlive/texmf-dist/tex/generic/etexcmds/etexcmds.sty
Package: etexcmds 2019/12/15 v1.7 Avoid name clashes with e-TeX commands (HO)
)
\Hy@SavedSpaceFactor=\count270

(/usr/share/texlive/texmf-dist/tex/latex/hyperref/puenc.def
File: puenc.def 2022-11-13 v7.00u Hyperref: PDF Unicode definition (HO)
Now handling font encoding PU ...
... no UTF-8 mapping file for font encoding PU
)
Package hyperref Info: Hyper figures OFF on input line 4162.
Package hyperref Info: Link nesting OFF on input line 4167.
Package hyperref Info: Hyper index ON on input line 4170.
Package hyperref Info: Plain pages OFF on input line 4177.
Package hyperref Info: Backreferencing OFF on input line 4182.
Package hyperref Info: Implicit mode ON; LaTeX internals redefined.
Package hyperref Info: Bookmarks ON on input line 4410.
\c@Hy@tempcnt=\count271

(/usr/share/texlive/texmf-dist/tex/latex/url/url.sty
\Urlmuskip=\muskip16
Package: url 2013/09/16  ver 3.4  Verb mode for urls, etc.
)
LaTeX Info: Redefining \url on input line 4748.
\XeTeXLinkMargin=\dimen147

(/usr/share/texlive/texmf-dist/tex/generic/bitset/bitset.sty
Package: bitset 2019/12/09 v1.3 Handle bit-vector datatype (HO)

(/usr/share/texlive/texmf-dist/tex/generic/bigintcalc/bigintcalc.sty
Package: bigintcalc 2019/12/15 v1.5 Expandable calculations on big integers (HO
)
))
\Fld@menulength=\count272
\Field@Width=\dimen148
\Fld@charsize=\dimen149
Package hyperref Info: Hyper figures OFF on input line 6027.
Package hyperref Info: Link nesting OFF on input line 6032.
Package hyperref Info: Hyper index ON on input line 6035.
Package hyperref Info: backreferencing OFF on input line 6042.
Package hyperref Info: Link coloring OFF on input line 6047.
Package hyperref Info: Link coloring with OCG OFF on input line 6052.
Package hyperref Info: PDF/A mode OFF on input line 6057.

(/usr/share/texlive/texmf-dist/tex/latex/base/atbegshi-ltx.sty
Package: atbegshi-ltx 2021/01/10 v1.0c Emulation of the original atbegshi
package with kernel methods
)
\Hy@abspage=\count273
\c@Item=\count274
\c@Hfootnote=\count275
)
Package hyperref Info: Driver (autodetected): hpdftex.

(/usr/share/texlive/texmf-dist/tex/latex/hyperref/hpdftex.def
File: hpdftex.def 2022-11-13 v7.00u Hyperref driver for pdfTeX

(/usr/share/texlive/texmf-dist/tex/latex/base/atveryend-ltx.sty
Package: atveryend-ltx 2020/08/19 v1.0a Emulation of the original atveryend pac
kage
with kernel methods
)
\Fld@listcount=\count276
\c@bookmark@seq@number=\count277

(/usr/share/texlive/texmf-dist/tex/latex/rerunfilecheck/rerunfilecheck.sty
Package: rerunfilecheck 2022-07-10 v1.10 Rerun checks for auxiliary files (HO)

(/usr/share/texlive/texmf-dist/tex/generic/uniquecounter/uniquecounter.sty
Package: uniquecounter 2019/12/15 v1.4 Provide unlimited unique counter (HO)
)
Package uniquecounter Info: New unique counter `rerunfilecheck' on input line 2
85.
)
\Hy@SectionHShift=\skip50
)
(/usr/share/texlive/texmf-dist/tex/latex/amsfonts/amssymb.sty
Package: amssymb 2013/01/14 v3.01 AMS font symbols

(/usr/share/texlive/texmf-dist/tex/latex/amsfonts/amsfonts.sty
Package: amsfonts 2013/01/14 v3.01 Basic AMSFonts support
\@emptytoks=\toks18
\symAMSa=\mathgroup4
\symAMSb=\mathgroup5
LaTeX Font Info:    Redeclaring math symbol \hbar on input line 98.
LaTeX Font Info:    Overwriting math alphabet `\mathfrak' in version `bold'
(Font)                  U/euf/m/n --> U/euf/b/n on input line 106.
))
(/usr/share/texlive/texmf-dist/tex/latex/amsmath/amsmath.sty
Package: amsmath 2022/04/08 v2.17n AMS math features
\@mathmargin=\skip51

For additional information on amsmath, use the `?' option.
(/usr/share/texlive/texmf-dist/tex/latex/amsmath/amstext.sty
Package: amstext 2021/08/26 v2.01 AMS text

(/usr/share/texlive/texmf-dist/tex/latex/amsmath/amsgen.sty
File: amsgen.sty 1999/11/30 v2.0 generic functions
\@emptytoks=\toks19
\ex@=\dimen150
))
(/usr/share/texlive/texmf-dist/tex/latex/amsmath/amsbsy.sty
Package: amsbsy 1999/11/29 v1.2d Bold Symbols
\pmbraise@=\dimen151
)
(/usr/share/texlive/texmf-dist/tex/latex/amsmath/amsopn.sty
Package: amsopn 2022/04/08 v2.04 operator names
)
\inf@bad=\count278
LaTeX Info: Redefining \frac on input line 234.
\uproot@=\count279
\leftroot@=\count280
LaTeX Info: Redefining \overline on input line 399.
LaTeX Info: Redefining \colon on input line 410.
\classnum@=\count281
\DOTSCASE@=\count282
LaTeX Info: Redefining \ldots on input line 496.
LaTeX Info: Redefining \dots on input line 499.
LaTeX Info: Redefining \cdots on input line 620.
\Mathstrutbox@=\box52
\strutbox@=\box53
LaTeX Info: Redefining \big on input line 722.
LaTeX Info: Redefining \Big on input line 723.
LaTeX Info: Redefining \bigg on input line 724.
LaTeX Info: Redefining \Bigg on input line 725.
\big@size=\dimen152
LaTeX Font Info:    Redeclaring font encoding OML on input line 743.
LaTeX Font Info:    Redeclaring font encoding OMS on input line 744.
\macc@depth=\count283
LaTeX Info: Redefining \bmod on input line 905.
LaTeX Info: Redefining \pmod on input line 910.
LaTeX Info: Redefining \smash on input line 940.
LaTeX Info: Redefining \relbar on input line 970.
LaTeX Info: Redefining \Relbar on input line 971.
\c@MaxMatrixCols=\count284
\dotsspace@=\muskip17
\c@parentequation=\count285
\dspbrk@lvl=\count286
\tag@help=\toks20
\row@=\count287
\column@=\count288
\maxfields@=\count289
\andhelp@=\toks21
\eqnshift@=\dimen153
\alignsep@=\dimen154
\tagshift@=\dimen155
\tagwidth@=\dimen156
\totwidth@=\dimen157
\lineht@=\dimen158
\@envbody=\toks22
\multlinegap=\skip52
\multlinetaggap=\skip53
\mathdisplay@stack=\toks23
LaTeX Info: Redefining \[ on input line 2953.
LaTeX Info: Redefining \] on input line 2954.
)
\linenoamsmath@ams@eqpen=\count290

(/usr/share/texlive/texmf-dist/tex/latex/newtx/newtxtext.sty
Package: newtxtext 2022/02/28 v1.71(Michael Sharpe) latex and unicode latex sup
port for TeXGyreTermesX

`newtxtext' v1.71, 2022/02/28 Text macros taking advantage of TeXGyre Termes an
d its extensions (msharpe)
(/usr/share/texlive/texmf-dist/tex/latex/xkeyval/xkeyval.sty
Package: xkeyval 2022/06/16 v2.9 package option processing (HA)

(/usr/share/texlive/texmf-dist/tex/generic/xkeyval/xkeyval.tex
(/usr/share/texlive/texmf-dist/tex/generic/xkeyval/xkvutils.tex
\XKV@toks=\toks24
\XKV@tempa@toks=\toks25
)
\XKV@depth=\count291
File: xkeyval.tex 2014/12/03 v2.7a key=value parser (HA)
))
(/usr/share/texlive/texmf-dist/tex/latex/base/textcomp.sty
Package: textcomp 2020/02/02 v2.0n Standard LaTeX package
)
(/usr/share/texlive/texmf-dist/tex/generic/xstring/xstring.sty
(/usr/share/texlive/texmf-dist/tex/generic/xstring/xstring.tex
\integerpart=\count292
\decimalpart=\count293
)
Package: xstring 2023/01/14 v1.85 String manipulations (CT)
)
(/usr/share/texlive/texmf-dist/tex/latex/base/ifthen.sty
Package: ifthen 2022/04/13 v1.1d Standard LaTeX ifthen package (DPC)
)
(/usr/share/texlive/texmf-dist/tex/latex/carlisle/scalefnt.sty)
LaTeX Font Info:    Setting ntxLF sub-encoding to TS1/0 on input line 21.
LaTeX Font Info:    Setting ntxTLF sub-encoding to TS1/0 on input line 21.
LaTeX Font Info:    Setting ntxOsF sub-encoding to TS1/0 on input line 21.
LaTeX Font Info:    Setting ntxTOsF sub-encoding to TS1/0 on input line 21.

(/usr/share/texlive/texmf-dist/tex/generic/kastrup/binhex.tex)
\ntx@tmpcnta=\count294
\ntx@cnt=\count295

ntx@otftextfalse
(/usr/share/texlive/texmf-dist/tex/latex/fontaxes/fontaxes.sty
Package: fontaxes 2020/07/21 v1.0e Font selection axes
LaTeX Info: Redefining \upshape on input line 29.
LaTeX Info: Redefining \itshape on input line 31.
LaTeX Info: Redefining \slshape on input line 33.
LaTeX Info: Redefining \swshape on input line 35.
LaTeX Info: Redefining \scshape on input line 37.
LaTeX Info: Redefining \sscshape on input line 39.
LaTeX Info: Redefining \ulcshape on input line 41.
LaTeX Info: Redefining \textsw on input line 47.
LaTeX Info: Redefining \textssc on input line 48.
LaTeX Info: Redefining \textulc on input line 49.
)
LaTeX Info: Redefining \oldstylenums on input line 657.
)
(/usr/share/texlive/texmf-dist/tex/latex/newtx/newtxmath.sty
Package: newtxmath 2022/01/16 v1.71

`newtxmath' v1.71, 2022/01/16 Math macros based originally on txfonts (msharpe)
(/usr/share/texlive/texmf-dist/tex/generic/iftex/ifxetex.sty
Package: ifxetex 2019/10/25 v0.7 ifxetex legacy package. Use iftex instead.
)
(/usr/share/texlive/texmf-dist/tex/generic/iftex/ifluatex.sty
Package: ifluatex 2019/10/25 v1.5 ifluatex legacy package. Use iftex instead.
)
(/usr/share/texlive/texmf-dist/tex/latex/oberdiek/centernot.sty
Package: centernot 2016/05/16 v1.4 Centers the not symbol horizontally (HO)
)
\tx@cntz=\count296

(/usr/share/texlive/texmf-dist/tex/generic/kastrup/binhex.tex)
\tx@Isdigit=\count297
\tx@IsAlNum=\count298
\tx@tA=\toks26
\tx@tB=\toks27
\tx@su=\read2

amsthm NOT loaded
LaTeX Font Info:    Redeclaring symbol font `operators' on input line 376.
LaTeX Font Info:    Overwriting symbol font `operators' in version `normal'
(Font)                  OT1/cmr/m/n --> OT1/minntx/m/n on input line 376.
LaTeX Font Info:    Overwriting symbol font `operators' in version `bold'
(Font)                  OT1/cmr/bx/n --> OT1/minntx/m/n on input line 376.
LaTeX Font Info:    Overwriting symbol font `operators' in version `bold'
(Font)                  OT1/minntx/m/n --> OT1/minntx/b/n on input line 377.
LaTeX Font Info:    Redeclaring math alphabet \mathsf on input line 383.
LaTeX Font Info:    Overwriting math alphabet `\mathsf' in version `normal'
(Font)                  OT1/cmss/m/n --> OT1/qhv/m/n on input line 383.
LaTeX Font Info:    Overwriting math alphabet `\mathsf' in version `bold'
(Font)                  OT1/cmss/bx/n --> OT1/qhv/m/n on input line 383.
LaTeX Font Info:    Redeclaring math alphabet \mathit on input line 384.
LaTeX Font Info:    Overwriting math alphabet `\mathit' in version `normal'
(Font)                  OT1/cmr/m/it --> OT1/minntx/m/it on input line 384.
LaTeX Font Info:    Overwriting math alphabet `\mathit' in version `bold'
(Font)                  OT1/cmr/bx/it --> OT1/minntx/m/it on input line 384.
LaTeX Font Info:    Redeclaring math alphabet \mathtt on input line 385.
LaTeX Font Info:    Overwriting math alphabet `\mathtt' in version `normal'
(Font)                  OT1/cmtt/m/n --> OT1/ntxtt/m/n on input line 385.
LaTeX Font Info:    Overwriting math alphabet `\mathtt' in version `bold'
(Font)                  OT1/cmtt/m/n --> OT1/ntxtt/m/n on input line 385.
LaTeX Font Info:    Redeclaring math alphabet \mathbf on input line 387.
LaTeX Font Info:    Overwriting math alphabet `\mathbf' in version `normal'
(Font)                  OT1/cmr/bx/n --> OT1/minntx/b/n on input line 387.
LaTeX Font Info:    Overwriting math alphabet `\mathbf' in version `bold'
(Font)                  OT1/cmr/bx/n --> OT1/minntx/b/n on input line 387.
LaTeX Font Info:    Overwriting math alphabet `\mathit' in version `bold'
(Font)                  OT1/minntx/m/it --> OT1/minntx/b/it on input line 388.
LaTeX Font Info:    Overwriting math alphabet `\mathsf' in version `bold'
(Font)                  OT1/qhv/m/n --> OT1/qhv/b/n on input line 389.
LaTeX Font Info:    Overwriting math alphabet `\mathtt' in version `bold'
(Font)                  OT1/ntxtt/m/n --> OT1/ntxtt/b/n on input line 390.
LaTeX Font Info:    Redeclaring symbol font `letters' on input line 491.
LaTeX Font Info:    Overwriting symbol font `letters' in version `normal'
(Font)                  OML/cmm/m/it --> OML/ntxmi/m/it on input line 491.
LaTeX Font Info:    Overwriting symbol font `letters' in version `bold'
(Font)                  OML/cmm/b/it --> OML/ntxmi/m/it on input line 491.
LaTeX Font Info:    Overwriting symbol font `letters' in version `bold'
(Font)                  OML/ntxmi/m/it --> OML/ntxmi/b/it on input line 492.
\symlettersA=\mathgroup6
LaTeX Font Info:    Overwriting symbol font `lettersA' in version `bold'
(Font)                  U/ntxmia/m/it --> U/ntxmia/b/it on input line 547.
LaTeX Font Info:    Redeclaring math alphabet \mathfrak on input line 549.
Now handling font encoding LMS ...
... no UTF-8 mapping file for font encoding LMS
LaTeX Font Info:    Redeclaring symbol font `symbols' on input line 568.
LaTeX Font Info:    Encoding `OMS' has changed to `LMS' for symbol font
(Font)              `symbols' in the math version `normal' on input line 568.
LaTeX Font Info:    Overwriting symbol font `symbols' in version `normal'
(Font)                  OMS/cmsy/m/n --> LMS/ntxsy/m/n on input line 568.
LaTeX Font Info:    Encoding `OMS' has changed to `LMS' for symbol font
(Font)              `symbols' in the math version `bold' on input line 568.
LaTeX Font Info:    Overwriting symbol font `symbols' in version `bold'
(Font)                  OMS/cmsy/b/n --> LMS/ntxsy/m/n on input line 568.
LaTeX Font Info:    Overwriting symbol font `symbols' in version `bold'
(Font)                  LMS/ntxsy/m/n --> LMS/ntxsy/b/n on input line 569.
\symAMSm=\mathgroup7
LaTeX Font Info:    Overwriting symbol font `AMSm' in version `bold'
(Font)                  U/ntxsym/m/n --> U/ntxsym/b/n on input line 594.
\symsymbolsC=\mathgroup8
LaTeX Font Info:    Overwriting symbol font `symbolsC' in version `bold'
(Font)                  U/ntxsyc/m/n --> U/ntxsyc/b/n on input line 615.
Now handling font encoding LMX ...
... no UTF-8 mapping file for font encoding LMX
LaTeX Font Info:    Redeclaring symbol font `largesymbols' on input line 628.
LaTeX Font Info:    Encoding `OMX' has changed to `LMX' for symbol font
(Font)              `largesymbols' in the math version `normal' on input line 6
28.
LaTeX Font Info:    Overwriting symbol font `largesymbols' in version `normal'
(Font)                  OMX/cmex/m/n --> LMX/ntxexx/m/n on input line 628.
LaTeX Font Info:    Encoding `OMX' has changed to `LMX' for symbol font
(Font)              `largesymbols' in the math version `bold' on input line 628
.
LaTeX Font Info:    Overwriting symbol font `largesymbols' in version `bold'
(Font)                  OMX/cmex/m/n --> LMX/ntxexx/m/n on input line 628.
LaTeX Font Info:    Overwriting symbol font `largesymbols' in version `bold'
(Font)                  LMX/ntxexx/m/n --> LMX/ntxexx/b/n on input line 629.
\symlargesymbolsTXA=\mathgroup9
LaTeX Font Info:    Overwriting symbol font `largesymbolsTXA' in version `bold'

(Font)                  U/ntxexa/m/n --> U/ntxexa/b/n on input line 643.
\tx@sbptoks=\toks28
LaTeX Font Info:    Redeclaring math delimiter \lfloor on input line 866.
LaTeX Font Info:    Redeclaring math delimiter \rfloor on input line 867.
LaTeX Font Info:    Redeclaring math delimiter \lceil on input line 868.
LaTeX Font Info:    Redeclaring math delimiter \rceil on input line 869.
LaTeX Font Info:    Redeclaring math delimiter \lbrace on input line 870.
LaTeX Font Info:    Redeclaring math delimiter \rbrace on input line 871.
LaTeX Font Info:    Redeclaring math delimiter \langle on input line 872.
LaTeX Font Info:    Redeclaring math delimiter \rangle on input line 874.
LaTeX Font Info:    Redeclaring math delimiter \arrowvert on input line 878.
LaTeX Font Info:    Redeclaring math delimiter \vert on input line 879.
LaTeX Font Info:    Redeclaring math accent \dot on input line 950.
LaTeX Font Info:    Redeclaring math accent \ddot on input line 951.
LaTeX Font Info:    Redeclaring math accent \vec on input line 2020.
LaTeX Info: Redefining \Bbbk on input line 2810.
LaTeX Info: Redefining \not on input line 2959.
)
LaTeX Font Info:    Trying to load font information for OT1+ntxtlf on input lin
e 10.
 (/usr/share/texlive/texmf-dist/tex/latex/newtx/ot1ntxtlf.fd
File: ot1ntxtlf.fd 2021/05/24 v1.0 font definition file for OT1/ntx/tlf
)
LaTeX Font Info:    Font shape `OT1/ntxtlf/m/n' will be
(Font)              scaled to size 10.0pt on input line 10.

(/usr/share/texlive/texmf-dist/tex/latex/l3backend/l3backend-pdftex.def
File: l3backend-pdftex.def 2023-01-16 L3 backend support: PDF output (pdfTeX)
\l__color_backend_stack_int=\count299
\l__pdf_internal_box=\box54
)
No file 2301.aux.
\openout1 = `2301.aux'.

LaTeX Font Info:    Checking defaults for OML/ntxmi/m/it on input line 10.
LaTeX Font Info:    Trying to load font information for OML+ntxmi on input line
 10.
(/usr/share/texlive/texmf-dist/tex/latex/newtx/omlntxmi.fd
File: omlntxmi.fd 2015/08/25 Fontinst v1.933 font definitions for OML/ntxmi.
)
LaTeX Font Info:    ... okay on input line 10.
LaTeX Font Info:    Checking defaults for OMS/cmsy/m/n on input line 10.
LaTeX Font Info:    ... okay on input line 10.
LaTeX Font Info:    Checking defaults for OT1/cmr/m/n on input line 10.
LaTeX Font Info:    ... okay on input line 10.
LaTeX Font Info:    Checking defaults for T1/cmr/m/n on input line 10.
LaTeX Font Info:    ... okay on input line 10.
LaTeX Font Info:    Checking defaults for TS1/cmr/m/n on input line 10.
LaTeX Font Info:    ... okay on input line 10.
LaTeX Font Info:    Checking defaults for OMX/cmex/m/n on input line 10.
LaTeX Font Info:    ... okay on input line 10.
LaTeX Font Info:    Checking defaults for U/ntxexa/m/n on input line 10.
LaTeX Font Info:    Trying to load font information for U+ntxexa on input line 
10.

(/usr/share/texlive/texmf-dist/tex/latex/newtx/untxexa.fd
File: untxexa.fd 2012/04/16 Fontinst v1.933 font definitions for U/ntxexa.
)
LaTeX Font Info:    ... okay on input line 10.
LaTeX Font Info:    Checking defaults for PD1/pdf/m/n on input line 10.
LaTeX Font Info:    ... okay on input line 10.
LaTeX Font Info:    Checking defaults for PU/pdf/m/n on input line 10.
LaTeX Font Info:    ... okay on input line 10.
LaTeX Font Info:    Checking defaults for LMS/ntxsy/m/n on input line 10.
LaTeX Font Info:    Trying to load font information for LMS+ntxsy on input line
 10.

(/usr/share/texlive/texmf-dist/tex/latex/newtx/lmsntxsy.fd
File: lmsntxsy.fd 2016/07/02 Fontinst v1.933 font definitions for LMS/ntxsy.
)
LaTeX Font Info:    ... okay on input line 10.
LaTeX Font Info:    Checking defaults for LMX/ntxexx/m/n on input line 10.
LaTeX Font Info:    Trying to load font information for LMX+ntxexx on input lin
e 10.

(/usr/share/texlive/texmf-dist/tex/latex/newtx/lmxntxexx.fd
File: lmxntxexx.fd 2016/07/03 Fontinst v1.933 font definitions for LMX/ntxexx.
)
LaTeX Font Info:    ... okay on input line 10.
Package hyperref Info: Link coloring OFF on input line 10.
\@outlinefile=\write3
\openout3 = `2301.out'.

LaTeX Info: Command `\dddot' is already robust on input line 10.
LaTeX Info: Command `\ddddot' is already robust on input line 10.
\c@mv@tabular=\count300
\c@mv@boldtabular=\count301
LaTeX Font Info:    Font shape `OT1/ntxtlf/m/n' will be
(Font)              scaled to size 17.28pt on input line 15.
LaTeX Font Info:    Font shape `OT1/ntxtlf/m/n' will be
(Font)              scaled to size 12.0pt on input line 15.
LaTeX Font Info:    Trying to load font information for OT1+minntx on input lin
e 15.

(/usr/share/texlive/texmf-dist/tex/latex/newtx/ot1minntx.fd
File: ot1minntx.fd 2022/01/20 v1.0 font definition file for OT1/minntx
)
LaTeX Font Info:    Trying to load font information for U+msa on input line 15.


(/usr/share/texlive/texmf-dist/tex/latex/amsfonts/umsa.fd
File: umsa.fd 2013/01/14 v3.01 AMS symbols A
)
LaTeX Font Info:    Trying to load font information for U+msb on input line 15.


(/usr/share/texlive/texmf-dist/tex/latex/amsfonts/umsb.fd
File: umsb.fd 2013/01/14 v3.01 AMS symbols B
)
LaTeX Font Info:    Trying to load font information for U+ntxmia on input line 
15.

(/usr/share/texlive/texmf-dist/tex/latex/newtx/untxmia.fd
File: untxmia.fd 2018/04/14 Fontinst v1.933 font definitions for U/ntxmia.
)
LaTeX Font Info:    Trying to load font information for U+ntxsym on input line 
15.

(/usr/share/texlive/texmf-dist/tex/latex/newtx/untxsym.fd
File: untxsym.fd 2015/03/20 Fontinst v1.933 font definitions for U/ntxsym.
)
LaTeX Font Info:    Trying to load font information for U+ntxsyc on input line 
15.

(/usr/share/texlive/texmf-dist/tex/latex/newtx/untxsyc.fd
File: untxsyc.fd 2012/04/12 Fontinst v1.933 font definitions for U/ntxsyc.
)
LaTeX Font Info:    Font shape `OT1/ntxtlf/m/n' will be
(Font)              scaled to size 8.8pt on input line 15.
LaTeX Font Info:    Trying to load font information for TS1+ntxtlf on input lin
e 15.

(/usr/share/texlive/texmf-dist/tex/latex/newtx/ts1ntxtlf.fd
File: ts1ntxtlf.fd 2015/01/18 v1.0 fd file for TS1/ntxtlf
)
LaTeX Font Info:    Font shape `TS1/ntxtlf/m/n' will be
(Font)              scaled to size 8.8pt on input line 15.
LaTeX Font Info:    Font shape `OT1/ntxtlf/m/n' will be
(Font)              scaled to size 8.0pt on input line 15.
LaTeX Font Info:    Font shape `OT1/ntxtlf/m/n' will be
(Font)              scaled to size 6.2pt on input line 15.
LaTeX Font Info:    Font shape `TS1/ntxtlf/m/n' will be
(Font)              scaled to size 6.2pt on input line 15.
LaTeX Font Info:    Font shape `OT1/ntxtlf/m/n' will be
(Font)              scaled to size 14.4pt on input line 15.
LaTeX Font Info:    Font shape `OT1/ntxtlf/b/n' will be
(Font)              scaled to size 14.4pt on input line 15.

No file 2301.toc.
\tf@toc=\write4
\openout4 = `2301.toc'.

LaTeX Font Info:    Font shape `OT1/ntxtlf/b/n' will be
(Font)              scaled to size 10.0pt on input line 19.

LaTeX Warning: Citation `old74' on page 1 undefined on input line 19.


LaTeX Warning: Citation `mil93' on page 1 undefined on input line 19.


LaTeX Warning: Citation `kir94' on page 1 undefined on input line 19.


LaTeX Warning: Citation `sam87' on page 1 undefined on input line 19.


LaTeX Warning: Citation `car97' on page 1 undefined on input line 19.


LaTeX Warning: Citation `pod98' on page 1 undefined on input line 19.


LaTeX Warning: Citation `nakh03' on page 1 undefined on input line 19.


LaTeX Warning: Citation `tar11' on page 1 undefined on input line 19.


LaTeX Warning: Citation `gor03' on page 1 undefined on input line 20.


LaTeX Warning: Citation `ben13' on page 1 undefined on input line 20.


LaTeX Warning: Citation `ross97' on page 1 undefined on input line 22.


LaTeX Warning: Citation `hil08' on page 1 undefined on input line 22.


LaTeX Warning: Citation `kir10' on page 1 undefined on input line 22.


LaTeX Warning: Citation `kir11' on page 1 undefined on input line 22.


LaTeX Warning: Citation `kir14' on page 1 undefined on input line 22.


LaTeX Warning: Citation `lor98' on page 1 undefined on input line 24.

LaTeX Font Info:    Font shape `OT1/ntxtlf/m/it' will be
(Font)              scaled to size 10.0pt on input line 25.

LaTeX Warning: Citation `hil08' on page 1 undefined on input line 31.


LaTeX Warning: Citation `sam87' on page 1 undefined on input line 32.


LaTeX Warning: Citation `pod98' on page 1 undefined on input line 32.


LaTeX Warning: Citation `tar11' on page 1 undefined on input line 32.


LaTeX Warning: Citation `hil08' on page 1 undefined on input line 32.


LaTeX Warning: Citation `oli14' on page 1 undefined on input line 32.


LaTeX Warning: Citation `li07' on page 1 undefined on input line 34.


LaTeX Warning: Citation `li11' on page 1 undefined on input line 34.


LaTeX Warning: Citation `rah10' on page 1 undefined on input line 34.


LaTeX Warning: Citation `iyi16' on page 1 undefined on input line 35.


LaTeX Warning: Citation `zas08' on page 1 undefined on input line 36.

[1

{/var/lib/texmf/fonts/map/pdftex/updmap/pdftex.map}]

LaTeX Warning: Citation `agu14' on page 2 undefined on input line 41.


LaTeX Warning: Citation `oli14' on page 2 undefined on input line 41.


LaTeX Warning: Citation `gri13' on page 2 undefined on input line 43.


LaTeX Warning: Citation `bal19' on page 2 undefined on input line 45.


LaTeX Warning: Citation `fer19' on page 2 undefined on input line 45.

LaTeX Font Info:    Font shape `OT1/ntxtlf/b/n' will be
(Font)              scaled to size 12.0pt on input line 53.

LaTeX Warning: Citation `mai07' on page 2 undefined on input line 54.


LaTeX Warning: Citation `del13' on page 2 undefined on input line 54.


LaTeX Warning: Citation `gor97a' on page 2 undefined on input line 63.

[2]

LaTeX Warning: Reference `lrl' on page 3 undefined on input line 74.


LaTeX Warning: Citation `mai00' on page 3 undefined on input line 80.


LaTeX Warning: Citation `hil08' on page 3 undefined on input line 85.


LaTeX Warning: Citation `mai00' on page 3 undefined on input line 89.


LaTeX Warning: Citation `die10' on page 3 undefined on input line 91.


LaTeX Warning: Citation `gri13' on page 3 undefined on input line 98.


LaTeX Warning: Reference `lrl' on page 3 undefined on input line 98.


LaTeX Warning: Reference `rrl' on page 3 undefined on input line 98.


LaTeX Warning: Citation `pod98' on page 3 undefined on input line 109.


LaTeX Warning: Citation `die10' on page 3 undefined on input line 135.

[3]

LaTeX Warning: Citation `atang13' on page 4 undefined on input line 137.


LaTeX Warning: Citation `jum' on page 4 undefined on input line 147.


LaTeX Warning: Citation `tar1' on page 4 undefined on input line 167.


LaTeX Warning: Citation `tar2' on page 4 undefined on input line 167.


LaTeX Warning: Citation `osl1' on page 4 undefined on input line 167.


LaTeX Warning: Citation `osl2' on page 4 undefined on input line 167.


LaTeX Warning: Citation `die10' on page 4 undefined on input line 169.


LaTeX Warning: Citation `jum13' on page 4 undefined on input line 175.


LaTeX Warning: Citation `die10' on page 4 undefined on input line 178.


LaTeX Warning: Citation `del13' on page 4 undefined on input line 178.


LaTeX Warning: Citation `tar16a' on page 4 undefined on input line 178.

[4]

LaTeX Warning: Citation `tar16' on page 5 undefined on input line 184.


LaTeX Warning: Citation `jum07' on page 5 undefined on input line 184.


LaTeX Warning: Citation `jum07a' on page 5 undefined on input line 184.


LaTeX Warning: Citation `jum13a' on page 5 undefined on input line 184.


LaTeX Warning: Citation `die10' on page 5 undefined on input line 189.


LaTeX Warning: Citation `qi13' on page 5 undefined on input line 189.


LaTeX Warning: Citation `odi07' on page 5 undefined on input line 189.


LaTeX Warning: Citation `ver14' on page 5 undefined on input line 198.

LaTeX Font Info:    Font shape `TS1/ntxtlf/m/n' will be
(Font)              scaled to size 10.0pt on input line 200.
[5]

LaTeX Warning: Citation `sok02' on page 6 undefined on input line 230.


LaTeX Warning: Citation `gri13' on page 6 undefined on input line 236.


LaTeX Warning: Citation `ger' on page 6 undefined on input line 237.


LaTeX Warning: Citation `dzh' on page 6 undefined on input line 237.


LaTeX Warning: Citation `pod98' on page 6 undefined on input line 241.


LaTeX Warning: Reference `cd' on page 6 undefined on input line 254.


LaTeX Warning: Reference `lrld' on page 6 undefined on input line 255.


LaTeX Warning: Reference `rrld' on page 6 undefined on input line 255.


LaTeX Warning: Citation `gor97a' on page 6 undefined on input line 255.


LaTeX Warning: Citation `gor03' on page 6 undefined on input line 257.


LaTeX Warning: Citation `die10' on page 6 undefined on input line 263.

[6]

LaTeX Warning: Citation `pod00' on page 7 undefined on input line 288.


LaTeX Warning: Citation `pod09' on page 7 undefined on input line 288.


LaTeX Warning: Citation `pod00' on page 7 undefined on input line 288.


LaTeX Warning: Citation `cf1' on page 7 undefined on input line 306.


LaTeX Warning: Citation `cf2' on page 7 undefined on input line 306.


LaTeX Warning: Citation `los15' on page 7 undefined on input line 306.


LaTeX Warning: Citation `zha19a' on page 7 undefined on input line 315.


LaTeX Warning: Citation `at16' on page 7 undefined on input line 315.

LaTeX Font Info:    Trying to load font information for OT1+ntxsups on input li
ne 315.
(/usr/share/texlive/texmf-dist/tex/latex/newtx/ot1ntxsups.fd
File: ot1ntxsups.fd 2015/01/17 v1.0
)
LaTeX Font Info:    Font shape `OT1/ntxsups/m/n' will be
(Font)              scaled to size 10.0pt on input line 315.
LaTeX Font Info:    Font shape `OT1/ntxsups/m/n' will be
(Font)              scaled to size 8.0pt on input line 317.
LaTeX Font Info:    Font shape `OT1/ntxtlf/b/n' will be
(Font)              scaled to size 8.0pt on input line 317.


LaTeX Warning: Citation `tat17' on page 7 undefined on input line 317.

[7]

LaTeX Warning: Citation `at17' on page 8 undefined on input line 321.


LaTeX Warning: Citation `sun17' on page 8 undefined on input line 325.


LaTeX Warning: Citation `ben06' on page 8 undefined on input line 325.


LaTeX Warning: Citation `volt' on page 8 undefined on input line 329.


LaTeX Warning: Citation `tar18' on page 8 undefined on input line 336.


LaTeX Warning: Citation `zha19a' on page 8 undefined on input line 339.


LaTeX Warning: Citation `die10' on page 8 undefined on input line 355.

[8]

LaTeX Warning: Reference `283' on page 9 undefined on input line 371.


LaTeX Warning: Reference `285' on page 9 undefined on input line 380.


LaTeX Warning: Citation `hil08' on page 9 undefined on input line 380.


LaTeX Warning: Reference `285' on page 9 undefined on input line 382.

[9]

LaTeX Warning: Citation `let' on page 10 undefined on input line 401.


LaTeX Warning: Reference `dq' on page 10 undefined on input line 401.


LaTeX Warning: Reference `dq' on page 10 undefined on input line 407.


LaTeX Warning: Reference `dq1' on page 10 undefined on input line 412.


LaTeX Warning: Citation `gol10' on page 10 undefined on input line 412.


LaTeX Warning: Reference `dq1' on page 10 undefined on input line 415.


LaTeX Warning: Citation `die10' on page 10 undefined on input line 415.


LaTeX Warning: Citation `hil08' on page 10 undefined on input line 432.

[10]

LaTeX Warning: Citation `gri13' on page 11 undefined on input line 477.


LaTeX Warning: Citation `oli14' on page 11 undefined on input line 482.


LaTeX Warning: Citation `zas08' on page 11 undefined on input line 490.


LaTeX Warning: Citation `gor02a' on page 11 undefined on input line 503.

[11]

LaTeX Warning: Citation `gor03' on page 12 undefined on input line 509.


LaTeX Warning: Citation `met04' on page 12 undefined on input line 509.


LaTeX Warning: Citation `gol10' on page 12 undefined on input line 512.


LaTeX Warning: Citation `mai04' on page 12 undefined on input line 515.


LaTeX Warning: Citation `luch' on page 12 undefined on input line 531.


LaTeX Warning: Citation `pag12' on page 12 undefined on input line 531.

[12]

LaTeX Warning: Citation `hil19' on page 13 undefined on input line 561.


LaTeX Warning: Citation `t13' on page 13 undefined on input line 561.


LaTeX Warning: Citation `t14a' on page 13 undefined on input line 561.


LaTeX Warning: Citation `t15' on page 13 undefined on input line 561.


LaTeX Warning: Citation `t16' on page 13 undefined on input line 561.


LaTeX Warning: Citation `t17' on page 13 undefined on input line 561.


LaTeX Warning: Citation `t20' on page 13 undefined on input line 561.


LaTeX Warning: Citation `t21' on page 13 undefined on input line 561.


LaTeX Warning: Citation `t20' on page 13 undefined on input line 561.


LaTeX Warning: Citation `t21' on page 13 undefined on input line 561.


LaTeX Warning: Citation `t22' on page 13 undefined on input line 561.


LaTeX Warning: Citation `t23' on page 13 undefined on input line 561.


LaTeX Warning: Citation `t24' on page 13 undefined on input line 561.


LaTeX Warning: Citation `pod02' on page 13 undefined on input line 563.


LaTeX Warning: Citation `t15' on page 13 undefined on input line 566.


LaTeX Warning: Citation `t22' on page 13 undefined on input line 581.


LaTeX Warning: Citation `nig05' on page 13 undefined on input line 581.


LaTeX Warning: Citation `pod02' on page 13 undefined on input line 588.


LaTeX Warning: Citation `pod07' on page 13 undefined on input line 588.


LaTeX Warning: Reference `lrl' on page 13 undefined on input line 588.


LaTeX Warning: Reference `rrl' on page 13 undefined on input line 588.


LaTeX Warning: Reference `lrld' on page 13 undefined on input line 588.


LaTeX Warning: Reference `rrld' on page 13 undefined on input line 588.


LaTeX Warning: Reference `cd' on page 13 undefined on input line 588.

[13]

LaTeX Warning: Citation `tar17' on page 14 undefined on input line 603.


LaTeX Warning: Citation `gom14' on page 14 undefined on input line 606.


LaTeX Warning: Citation `gom14' on page 14 undefined on input line 610.


LaTeX Warning: Citation `sie15' on page 14 undefined on input line 618.


LaTeX Warning: Citation `car09' on page 14 undefined on input line 622.


LaTeX Warning: Citation `zha06' on page 14 undefined on input line 626.


LaTeX Warning: Citation `car09' on page 14 undefined on input line 626.


LaTeX Warning: Citation `kol98' on page 14 undefined on input line 626.

[14]

LaTeX Warning: Citation `kol97' on page 15 undefined on input line 628.


LaTeX Warning: Citation `kol98' on page 15 undefined on input line 628.


LaTeX Warning: Citation `kol98a' on page 15 undefined on input line 628.


LaTeX Warning: Citation `kol13' on page 15 undefined on input line 628.


LaTeX Warning: Citation `yang12c' on page 15 undefined on input line 635.


LaTeX Warning: Citation `yang16' on page 15 undefined on input line 640.


LaTeX Warning: Citation `zha16' on page 15 undefined on input line 640.


LaTeX Warning: Citation `che10' on page 15 undefined on input line 646.


LaTeX Warning: Citation `chen06a' on page 15 undefined on input line 651.


LaTeX Warning: Citation `he14' on page 15 undefined on input line 651.


LaTeX Warning: Citation `ont13' on page 15 undefined on input line 651.


LaTeX Warning: Citation `he18' on page 15 undefined on input line 653.


LaTeX Warning: Citation `h1' on page 15 undefined on input line 659.


LaTeX Warning: Citation `h2' on page 15 undefined on input line 659.


LaTeX Warning: Citation `chen10' on page 15 undefined on input line 665.


LaTeX Warning: Citation `abd14' on page 15 undefined on input line 669.


LaTeX Warning: Citation `kha14' on page 15 undefined on input line 669.


LaTeX Warning: Citation `kat14' on page 15 undefined on input line 669.

[15]

LaTeX Warning: Citation `kha14' on page 16 undefined on input line 677.


LaTeX Warning: Citation `kat14' on page 16 undefined on input line 677.


LaTeX Warning: Citation `kat14a' on page 16 undefined on input line 677.


LaTeX Warning: Citation `and15' on page 16 undefined on input line 678.


LaTeX Warning: Citation `iyi16' on page 16 undefined on input line 687.


LaTeX Warning: Citation `temp' on page 16 undefined on input line 690.


LaTeX Warning: Citation `cha11' on page 16 undefined on input line 690.


LaTeX Warning: Citation `s44' on page 16 undefined on input line 690.


LaTeX Warning: Citation `s70' on page 16 undefined on input line 690.


LaTeX Warning: Citation `s11' on page 16 undefined on input line 690.

[16]

LaTeX Warning: Citation `old74' on page 17 undefined on input line 750.


LaTeX Warning: Citation `tar16' on page 17 undefined on input line 750.


LaTeX Warning: Citation `duan' on page 17 undefined on input line 751.


LaTeX Warning: Citation `nakh06' on page 17 undefined on input line 751.


LaTeX Warning: Citation `kilb06' on page 17 undefined on input line 751.


LaTeX Warning: Citation `die10' on page 17 undefined on input line 751.


LaTeX Warning: Citation `main07' on page 17 undefined on input line 751.


LaTeX Warning: Reference `m21' on page 17 undefined on input line 758.

[17]

LaTeX Warning: Reference `m21' on page 18 undefined on input line 767.


LaTeX Warning: Reference `m27' on page 18 undefined on input line 784.


LaTeX Warning: Reference `m28' on page 18 undefined on input line 784.


LaTeX Warning: Reference `m27' on page 18 undefined on input line 790.


LaTeX Warning: Reference `m29' on page 18 undefined on input line 790.


LaTeX Warning: Reference `m29' on page 18 undefined on input line 790.


LaTeX Warning: Reference `m28' on page 18 undefined on input line 790.


LaTeX Warning: Reference `m27' on page 18 undefined on input line 792.


LaTeX Warning: Citation `met94' on page 18 undefined on input line 792.


LaTeX Warning: Citation `sai97' on page 18 undefined on input line 792.


LaTeX Warning: Reference `m29' on page 18 undefined on input line 792.


LaTeX Warning: Citation `gor95' on page 18 undefined on input line 792.


LaTeX Warning: Citation `gor98' on page 18 undefined on input line 792.


LaTeX Warning: Citation `m96' on page 18 undefined on input line 792.


LaTeX Warning: Citation `m97' on page 18 undefined on input line 792.


LaTeX Warning: Reference `m29' on page 18 undefined on input line 793.


LaTeX Warning: Citation `sch89' on page 18 undefined on input line 793.


LaTeX Warning: Citation `main07' on page 18 undefined on input line 795.


LaTeX Warning: Reference `m28' on page 18 undefined on input line 796.


LaTeX Warning: Reference `m212' on page 18 undefined on input line 812.


LaTeX Warning: Citation `main07' on page 18 undefined on input line 812.


LaTeX Warning: Citation `m96' on page 18 undefined on input line 813.


LaTeX Warning: Citation `m97' on page 18 undefined on input line 813.


LaTeX Warning: Citation `gor00' on page 18 undefined on input line 813.


LaTeX Warning: Citation `main01' on page 18 undefined on input line 813.


LaTeX Warning: Citation `nie10' on page 18 undefined on input line 815.


LaTeX Warning: Citation `com96' on page 18 undefined on input line 816.


LaTeX Warning: Citation `wes97' on page 18 undefined on input line 816.

[18]

LaTeX Warning: Citation `duan' on page 19 undefined on input line 821.


LaTeX Warning: Citation `luc09' on page 19 undefined on input line 827.


LaTeX Warning: Citation `y16' on page 19 undefined on input line 829.


LaTeX Warning: Citation `he12' on page 19 undefined on input line 829.


LaTeX Warning: Citation `li12b' on page 19 undefined on input line 829.


LaTeX Warning: Citation `he12' on page 19 undefined on input line 835.


Overfull \hbox (2.00311pt too wide) in paragraph at lines 829--837
[]\OT1/minntx/m/n/10 The equa-tion could sub-jected to the com-plex trans-for-m
a-tion [[], [], []] $\OML/ntxmi/m/it/10 s \U/ntxmia/m/it/10 = []\LMS/ntxsy/m/n/
10 ù[]$
 []


LaTeX Warning: Citation `liu15a' on page 19 undefined on input line 844.


LaTeX Warning: Citation `he13' on page 19 undefined on input line 853.

[19]

LaTeX Warning: Citation `bab' on page 20 undefined on input line 865.


LaTeX Warning: Citation `po1' on page 20 undefined on input line 865.


LaTeX Warning: Citation `po2' on page 20 undefined on input line 865.


LaTeX Warning: Citation `do1' on page 20 undefined on input line 870.


LaTeX Warning: Citation `do2' on page 20 undefined on input line 870.


LaTeX Warning: Citation `do3a' on page 20 undefined on input line 870.


LaTeX Warning: Citation `do3b' on page 20 undefined on input line 870.


LaTeX Warning: Citation `do3' on page 20 undefined on input line 870.


LaTeX Warning: Citation `do4' on page 20 undefined on input line 870.


LaTeX Warning: Citation `do5' on page 20 undefined on input line 870.


LaTeX Warning: Citation `gor05' on page 20 undefined on input line 870.


LaTeX Warning: Citation `main07a' on page 20 undefined on input line 870.


LaTeX Warning: Citation `chech' on page 20 undefined on input line 871.


LaTeX Warning: Citation `met04' on page 20 undefined on input line 871.


LaTeX Warning: Citation `gor02' on page 20 undefined on input line 873.


LaTeX Warning: Citation `var1' on page 20 undefined on input line 873.


LaTeX Warning: Citation `var2' on page 20 undefined on input line 873.


LaTeX Warning: Citation `main07' on page 20 undefined on input line 878.


LaTeX Warning: Reference `m212' on page 20 undefined on input line 886.


LaTeX Warning: Reference `m32' on page 20 undefined on input line 897.

[20]

LaTeX Warning: Citation `chech' on page 21 undefined on input line 906.


LaTeX Warning: Reference `m34' on page 21 undefined on input line 911.


LaTeX Warning: Reference `m31' on page 21 undefined on input line 918.


LaTeX Warning: Citation `cap03' on page 21 undefined on input line 918.


LaTeX Warning: Citation `leb' on page 21 undefined on input line 922.


LaTeX Warning: Citation `hau11' on page 21 undefined on input line 923.


LaTeX Warning: Citation `hil0' on page 21 undefined on input line 924.


LaTeX Warning: Citation `hf' on page 21 undefined on input line 924.


LaTeX Warning: Citation `kir2' on page 21 undefined on input line 924.


LaTeX Warning: Citation `wf' on page 21 undefined on input line 924.


LaTeX Warning: Citation `wf1' on page 21 undefined on input line 924.


LaTeX Warning: Citation `lwf' on page 21 undefined on input line 924.


LaTeX Warning: Citation `kir2' on page 21 undefined on input line 925.


LaTeX Warning: Citation `hil08' on page 21 undefined on input line 928.


LaTeX Warning: Citation `shu07' on page 21 undefined on input line 939.


LaTeX Warning: Citation `hil08' on page 21 undefined on input line 945.


LaTeX Warning: Reference `ml2' on page 21 undefined on input line 950.


LaTeX Warning: Citation `die10' on page 21 undefined on input line 952.

[21]

LaTeX Warning: Citation `hau11' on page 22 undefined on input line 958.


LaTeX Warning: Citation `die10' on page 22 undefined on input line 967.


LaTeX Warning: Citation `hau11' on page 22 undefined on input line 967.


LaTeX Warning: Citation `pen10' on page 22 undefined on input line 973.


LaTeX Warning: Citation `gor97' on page 22 undefined on input line 975.


LaTeX Warning: Citation `gor02' on page 22 undefined on input line 975.


LaTeX Warning: Citation `hau11' on page 22 undefined on input line 975.


LaTeX Warning: Citation `pra71' on page 22 undefined on input line 977.


LaTeX Warning: Citation `shu07' on page 22 undefined on input line 981.


LaTeX Warning: Citation `kir1' on page 22 undefined on input line 983.


LaTeX Warning: Citation `kir2' on page 22 undefined on input line 983.


LaTeX Warning: Citation `nakh03' on page 22 undefined on input line 989.


LaTeX Warning: Citation `rab97' on page 22 undefined on input line 996.


LaTeX Warning: Citation `rab1' on page 22 undefined on input line 996.


LaTeX Warning: Citation `duan' on page 22 undefined on input line 1004.


LaTeX Warning: Citation `hf' on page 22 undefined on input line 1004.

[22]

LaTeX Warning: Citation `wf1' on page 23 undefined on input line 1032.


LaTeX Warning: Citation `gor99' on page 23 undefined on input line 1032.


LaTeX Warning: Citation `gor0' on page 23 undefined on input line 1032.


LaTeX Warning: Citation `kil02' on page 23 undefined on input line 1032.

[23]

LaTeX Warning: Citation `zha1' on page 24 undefined on input line 1061.


LaTeX Warning: Citation `waz10' on page 24 undefined on input line 1062.


LaTeX Warning: Citation `y11' on page 24 undefined on input line 1063.


LaTeX Warning: Citation `wu10' on page 24 undefined on input line 1063.


LaTeX Warning: Citation `far11' on page 24 undefined on input line 1063.


LaTeX Warning: Citation `yan13' on page 24 undefined on input line 1063.


LaTeX Warning: Citation `yan13b' on page 24 undefined on input line 1063.


LaTeX Warning: Citation `zha9' on page 24 undefined on input line 1073.


LaTeX Warning: Citation `yang12a' on page 24 undefined on input line 1073.


LaTeX Warning: Citation `yan13b' on page 24 undefined on input line 1073.


LaTeX Warning: Citation `zha9' on page 24 undefined on input line 1073.


LaTeX Warning: Citation `yang15' on page 24 undefined on input line 1073.


LaTeX Warning: Citation `khan' on page 24 undefined on input line 1073.


LaTeX Warning: Citation `zha15b' on page 24 undefined on input line 1073.


LaTeX Warning: Citation `abb06' on page 24 undefined on input line 1074.


LaTeX Warning: Citation `zha6' on page 24 undefined on input line 1074.


LaTeX Warning: Citation `yil10' on page 24 undefined on input line 1074.


LaTeX Warning: Citation `sin11a' on page 24 undefined on input line 1074.


LaTeX Warning: Citation `raf12' on page 24 undefined on input line 1074.


LaTeX Warning: Citation `wei17' on page 24 undefined on input line 1074.


LaTeX Warning: Citation `yan13c' on page 24 undefined on input line 1074.


LaTeX Warning: Citation `yang15a' on page 24 undefined on input line 1074.


LaTeX Warning: Citation `jon09' on page 24 undefined on input line 1075.


LaTeX Warning: Citation `all09' on page 24 undefined on input line 1075.


LaTeX Warning: Citation `gha15a' on page 24 undefined on input line 1075.


LaTeX Warning: Citation `chr10' on page 24 undefined on input line 1076.


LaTeX Warning: Citation `hr11' on page 24 undefined on input line 1076.


LaTeX Warning: Citation `chr11' on page 24 undefined on input line 1076.


LaTeX Warning: Citation `yang' on page 24 undefined on input line 1077.


LaTeX Warning: Citation `y16' on page 24 undefined on input line 1077.


LaTeX Warning: Citation `y16a' on page 24 undefined on input line 1077.


LaTeX Warning: Citation `he12a' on page 24 undefined on input line 1077.


LaTeX Warning: Citation `su13' on page 24 undefined on input line 1077.


LaTeX Warning: Citation `yang13' on page 24 undefined on input line 1078.


LaTeX Warning: Citation `zha14a' on page 24 undefined on input line 1078.


LaTeX Warning: Citation `jaw10' on page 24 undefined on input line 1079.


LaTeX Warning: Citation `you14' on page 24 undefined on input line 1079.


LaTeX Warning: Citation `luc13' on page 24 undefined on input line 1081.


LaTeX Warning: Citation `ahm15' on page 24 undefined on input line 1082.


LaTeX Warning: Citation `y19' on page 24 undefined on input line 1083.


LaTeX Warning: Citation `guo12' on page 24 undefined on input line 1083.


LaTeX Warning: Citation `wat02a' on page 24 undefined on input line 1084.


LaTeX Warning: Citation `dem15' on page 24 undefined on input line 1084.


LaTeX Warning: Citation `zhao17' on page 24 undefined on input line 1084.


LaTeX Warning: Citation `asl14' on page 24 undefined on input line 1085.

[24]

LaTeX Warning: Citation `yang12b' on page 25 undefined on input line 1086.


LaTeX Warning: Citation `yan14' on page 25 undefined on input line 1086.


LaTeX Warning: Citation `vd' on page 25 undefined on input line 1090.


LaTeX Warning: Citation `he1' on page 25 undefined on input line 1091.


LaTeX Warning: Citation `he2' on page 25 undefined on input line 1091.


LaTeX Warning: Citation `he3' on page 25 undefined on input line 1091.


LaTeX Warning: Citation `liao' on page 25 undefined on input line 1094.


LaTeX Warning: Citation `ad1' on page 25 undefined on input line 1117.


LaTeX Warning: Citation `ad2' on page 25 undefined on input line 1117.


LaTeX Warning: Citation `ad2' on page 25 undefined on input line 1127.


LaTeX Warning: Citation `yan13c' on page 25 undefined on input line 1138.


LaTeX Warning: Citation `noor' on page 25 undefined on input line 1142.


LaTeX Warning: Citation `gho09' on page 25 undefined on input line 1142.

[25]

LaTeX Warning: Citation `guo12' on page 26 undefined on input line 1148.


LaTeX Warning: Reference `g9' on page 26 undefined on input line 1159.


LaTeX Warning: Citation `guo12' on page 26 undefined on input line 1166.


LaTeX Warning: Citation `die06' on page 26 undefined on input line 1171.


LaTeX Warning: Citation `ford' on page 26 undefined on input line 1175.


LaTeX Warning: Citation `den07a' on page 26 undefined on input line 1177.


LaTeX Warning: Citation `den15' on page 26 undefined on input line 1177.


LaTeX Warning: Citation `ford' on page 26 undefined on input line 1177.


LaTeX Warning: Citation `han11' on page 26 undefined on input line 1177.


LaTeX Warning: Citation `bru10' on page 26 undefined on input line 1177.


LaTeX Warning: Citation `fd1' on page 26 undefined on input line 1179.


LaTeX Warning: Citation `fd2' on page 26 undefined on input line 1179.


LaTeX Warning: Citation `odi08' on page 26 undefined on input line 1179.


LaTeX Warning: Citation `impl1' on page 26 undefined on input line 1179.


LaTeX Warning: Citation `impl2' on page 26 undefined on input line 1179.


LaTeX Warning: Citation `cn1' on page 26 undefined on input line 1179.


LaTeX Warning: Citation `cn2' on page 26 undefined on input line 1179.


LaTeX Warning: Citation `zha16a' on page 26 undefined on input line 1179.


LaTeX Warning: Citation `zha19b' on page 26 undefined on input line 1179.


LaTeX Warning: Citation `cfd1' on page 26 undefined on input line 1179.


LaTeX Warning: Citation `cfd2' on page 26 undefined on input line 1179.


LaTeX Warning: Citation `cfd3' on page 26 undefined on input line 1179.


LaTeX Warning: Citation `cfd4' on page 26 undefined on input line 1179.


LaTeX Warning: Citation `hua08' on page 26 undefined on input line 1179.


LaTeX Warning: Citation `jia11' on page 26 undefined on input line 1179.


LaTeX Warning: Citation `zeng15' on page 26 undefined on input line 1179.


LaTeX Warning: Citation `fem1' on page 26 undefined on input line 1179.


LaTeX Warning: Citation `fem2' on page 26 undefined on input line 1179.


LaTeX Warning: Citation `fix' on page 26 undefined on input line 1179.


LaTeX Warning: Citation `sin06b' on page 26 undefined on input line 1179.


LaTeX Warning: Citation `jin15' on page 26 undefined on input line 1179.


LaTeX Warning: Citation `mus13' on page 26 undefined on input line 1179.


LaTeX Warning: Citation `can06' on page 26 undefined on input line 1179.


LaTeX Warning: Citation `esm11' on page 26 undefined on input line 1179.


LaTeX Warning: Citation `doha11' on page 26 undefined on input line 1179.


LaTeX Warning: Citation `zay14' on page 26 undefined on input line 1179.


LaTeX Warning: Citation `dua08' on page 26 undefined on input line 1179.


LaTeX Warning: Citation `shi12' on page 26 undefined on input line 1179.


LaTeX Warning: Citation `rb1' on page 26 undefined on input line 1179.


LaTeX Warning: Citation `rb2' on page 26 undefined on input line 1179.


LaTeX Warning: Citation `rb3' on page 26 undefined on input line 1179.


LaTeX Warning: Citation `hey14' on page 26 undefined on input line 1179.

[26]

LaTeX Warning: Citation `bah09' on page 27 undefined on input line 1181.


LaTeX Warning: Citation `ha10' on page 27 undefined on input line 1181.


LaTeX Warning: Citation `den04' on page 27 undefined on input line 1181.


LaTeX Warning: Citation `deng12' on page 27 undefined on input line 1181.


LaTeX Warning: Citation `ford' on page 27 undefined on input line 1181.


LaTeX Warning: Citation `ford1' on page 27 undefined on input line 1181.


LaTeX Warning: Citation `mom' on page 27 undefined on input line 1181.

LaTeX Font Info:    Font shape `OT1/ntxtlf/m/sc' will be
(Font)              scaled to size 10.0pt on input line 1186.
[27] [28] [29] [30] [31] [32] [33] [34] [35] [36] [37] [38] [39] [40] [41]
[42] [43] [44] (./2301.aux)

LaTeX Warning: There were undefined references.


LaTeX Warning: Label(s) may have changed. Rerun to get cross-references right.


Package rerunfilecheck Warning: File `2301.out' has changed.
(rerunfilecheck)                Rerun to get outlines right
(rerunfilecheck)                or use package `bookmark'.

Package rerunfilecheck Info: Checksums for `2301.out':
(rerunfilecheck)             Before: <no file>
(rerunfilecheck)             After:  C052A5BF97502AECB3AB8C7C4DA8F0AC;6350.
 )
(\end occurred inside a group at level 3)

### simple group (level 3) entered at line 672 ({)
### simple group (level 2) entered at line 415 ({)
### simple group (level 1) entered at line 109 ({)
### bottom level 
Here is how much of TeX's memory you used:
 13039 strings out of 476091
 190664 string characters out of 5794082
 1865330 words of memory out of 5000000
 32817 multiletter control sequences out of 15000+600000
 588696 words of font info for 198 fonts, out of 8000000 for 9000
 1141 hyphenation exceptions out of 8191
 75i,14n,76p,963b,845s stack positions out of 10000i,1000n,20000p,200000b,200000s
{/usr/share/texlive/texmf-dist/fonts/enc/dvips/newtx/ntx-ot1-tl
f-pc.enc}{/usr/share/texlive/texmf-dist/fonts/enc/dvips/newtx/ntxsups_ot1.enc}{
/usr/share/texlive/texmf-dist/fonts/enc/dvips/newtx/ntx-ot1-tlf.enc}{/usr/share
/texmf/fonts/enc/dvips/tex-gyre/q-ts1.enc}</usr/share/texlive/texmf-dist/fonts/
type1/public/newtx/NewTXBMI.pfb></usr/share/texlive/texmf-dist/fonts/type1/publ
ic/newtx/NewTXBMI7.pfb></usr/share/texlive/texmf-dist/fonts/type1/public/newtx/
NewTXMI.pfb></usr/share/texlive/texmf-dist/fonts/type1/public/newtx/NewTXMI5.pf
b></usr/share/texlive/texmf-dist/fonts/type1/public/newtx/NewTXMI7.pfb></usr/sh
are/texlive/texmf-dist/fonts/type1/public/newtx/ntxsups-Regular.pfb></usr/share
/texmf/fonts/type1/public/tex-gyre/qtmr.pfb></usr/share/texlive/texmf-dist/font
s/type1/public/newtx/txexs.pfb></usr/share/texlive/texmf-dist/fonts/type1/publi
c/newtx/txmiaX.pfb></usr/share/texlive/texmf-dist/fonts/type1/public/txfonts/tx
syb.pfb></usr/share/texlive/texmf-dist/fonts/type1/public/newtx/txsys.pfb></usr
/share/texlive/texmf-dist/fonts/type1/public/newtx/ztmb.pfb></usr/share/texlive
/texmf-dist/fonts/type1/public/newtx/ztmr.pfb></usr/share/texlive/texmf-dist/fo
nts/type1/public/newtx/ztmri.pfb>
Output written on 2301.pdf (44 pages, 363507 bytes).
PDF statistics:
 685 PDF objects out of 1000 (max. 8388607)
 603 compressed objects within 7 object streams
 373 named destinations out of 1000 (max. 500000)
 1 words of extra memory for PDF output out of 10000 (max. 10000000)

